{"/home/matiasdev/Documentos/Trybe/trybe-exercicios/fundamentos/secao-07-introducao-javascriptes6-testes-unitarios/dia-03-primeiros-passos-jest/exercicio-bonus/board.js": {"path":"/home/matiasdev/Documentos/Trybe/trybe-exercicios/fundamentos/secao-07-introducao-javascriptes6-testes-unitarios/dia-03-primeiros-passos-jest/exercicio-bonus/board.js","statementMap":{"0":{"start":{"line":2,"column":26},"end":{"line":39,"column":1}},"1":{"start":{"line":41,"column":0},"end":{"line":41,"column":30}},"2":{"start":{"line":44,"column":23},"end":{"line":56,"column":1}},"3":{"start":{"line":46,"column":19},"end":{"line":46,"column":21}},"4":{"start":{"line":47,"column":2},"end":{"line":52,"column":3}},"5":{"start":{"line":48,"column":4},"end":{"line":51,"column":5}},"6":{"start":{"line":49,"column":6},"end":{"line":49,"column":28}},"7":{"start":{"line":50,"column":6},"end":{"line":50,"column":12}},"8":{"start":{"line":53,"column":2},"end":{"line":53,"column":58}},"9":{"start":{"line":53,"column":19},"end":{"line":53,"column":58}},"10":{"start":{"line":54,"column":2},"end":{"line":54,"column":70}},"11":{"start":{"line":54,"column":27},"end":{"line":54,"column":70}},"12":{"start":{"line":55,"column":2},"end":{"line":55,"column":28}},"13":{"start":{"line":58,"column":29},"end":{"line":64,"column":1}},"14":{"start":{"line":59,"column":2},"end":{"line":63,"column":3}},"15":{"start":{"line":60,"column":4},"end":{"line":60,"column":44}},"16":{"start":{"line":62,"column":4},"end":{"line":62,"column":27}},"17":{"start":{"line":66,"column":0},"end":{"line":66,"column":47}},"18":{"start":{"line":68,"column":0},"end":{"line":68,"column":55}}},"fnMap":{"0":{"name":"(anonymous_0)","decl":{"start":{"line":44,"column":23},"end":{"line":44,"column":24}},"loc":{"start":{"line":44,"column":39},"end":{"line":56,"column":1}},"line":44},"1":{"name":"(anonymous_1)","decl":{"start":{"line":58,"column":29},"end":{"line":58,"column":30}},"loc":{"start":{"line":58,"column":45},"end":{"line":64,"column":1}},"line":58}},"branchMap":{"0":{"loc":{"start":{"line":48,"column":4},"end":{"line":51,"column":5}},"type":"if","locations":[{"start":{"line":48,"column":4},"end":{"line":51,"column":5}},{"start":{},"end":{}}],"line":48},"1":{"loc":{"start":{"line":53,"column":2},"end":{"line":53,"column":58}},"type":"if","locations":[{"start":{"line":53,"column":2},"end":{"line":53,"column":58}},{"start":{},"end":{}}],"line":53},"2":{"loc":{"start":{"line":54,"column":2},"end":{"line":54,"column":70}},"type":"if","locations":[{"start":{"line":54,"column":2},"end":{"line":54,"column":70}},{"start":{},"end":{}}],"line":54}},"s":{"0":1,"1":1,"2":1,"3":7,"4":7,"5":34,"6":5,"7":5,"8":7,"9":2,"10":5,"11":1,"12":4,"13":1,"14":1,"15":1,"16":1,"17":1,"18":1},"f":{"0":7,"1":1},"b":{"0":[5,29],"1":[2,5],"2":[1,4]},"_coverageSchema":"1a1c01bbd47fc00a2c39e90264f33305004495a9","hash":"2339428daab17f7f2eae882b001a7894ab031d58"}
}
